C:\Program Files (x86)\Microsoft Visual Studio\2019\Community\MSBuild\Microsoft\VC\v160\Microsoft.CppBuild.targets(513,5): warning MSB8028: The intermediate directory (x64\Debug\) contains files shared from another project (assignment1_MeldinBektic.vcxproj, HW2.vcxproj, OpenGLSetup.vcxproj).  This can lead to incorrect clean and rebuild behavior.
  HW3.cpp
C:\Users\Isaac\Documents\Computer Graphics\Assignments\HW3\OpenGLSetup\HW3.cpp(74,25): warning C4305: 'argument': truncation from 'double' to 'GLfloat'
C:\Users\Isaac\Documents\Computer Graphics\Assignments\HW3\OpenGLSetup\HW3.cpp(84,27): warning C4305: 'argument': truncation from 'double' to 'GLfloat'
C:\Users\Isaac\Documents\Computer Graphics\Assignments\HW3\OpenGLSetup\HW3.cpp(87,27): warning C4305: 'argument': truncation from 'double' to 'GLfloat'
C:\Users\Isaac\Documents\Computer Graphics\Assignments\HW3\OpenGLSetup\HW3.cpp(95,26): warning C4305: 'argument': truncation from 'double' to 'GLfloat'
C:\Users\Isaac\Documents\Computer Graphics\Assignments\HW3\OpenGLSetup\HW3.cpp(105,28): warning C4305: 'argument': truncation from 'double' to 'GLfloat'
C:\Users\Isaac\Documents\Computer Graphics\Assignments\HW3\OpenGLSetup\HW3.cpp(108,27): warning C4305: 'argument': truncation from 'double' to 'GLfloat'
C:\Users\Isaac\Documents\Computer Graphics\Assignments\HW3\OpenGLSetup\HW3.cpp(116,26): warning C4305: 'argument': truncation from 'double' to 'GLfloat'
C:\Users\Isaac\Documents\Computer Graphics\Assignments\HW3\OpenGLSetup\HW3.cpp(126,28): warning C4305: 'argument': truncation from 'double' to 'GLfloat'
C:\Users\Isaac\Documents\Computer Graphics\Assignments\HW3\OpenGLSetup\HW3.cpp(128,26): warning C4305: 'argument': truncation from 'double' to 'GLfloat'
C:\Users\Isaac\Documents\Computer Graphics\Assignments\HW3\OpenGLSetup\HW3.cpp(129,27): warning C4305: 'argument': truncation from 'double' to 'GLfloat'
C:\Users\Isaac\Documents\Computer Graphics\Assignments\HW3\OpenGLSetup\HW3.cpp(137,26): warning C4305: 'argument': truncation from 'double' to 'GLfloat'
C:\Users\Isaac\Documents\Computer Graphics\Assignments\HW3\OpenGLSetup\HW3.cpp(147,29): warning C4305: 'argument': truncation from 'double' to 'GLfloat'
C:\Users\Isaac\Documents\Computer Graphics\Assignments\HW3\OpenGLSetup\HW3.cpp(149,26): warning C4305: 'argument': truncation from 'double' to 'GLfloat'
C:\Users\Isaac\Documents\Computer Graphics\Assignments\HW3\OpenGLSetup\HW3.cpp(150,27): warning C4305: 'argument': truncation from 'double' to 'GLfloat'
C:\Users\Isaac\Documents\Computer Graphics\Assignments\HW3\OpenGLSetup\HW3.cpp(158,26): warning C4305: 'argument': truncation from 'double' to 'GLfloat'
C:\Users\Isaac\Documents\Computer Graphics\Assignments\HW3\OpenGLSetup\HW3.cpp(253,35): warning C4305: 'argument': truncation from 'double' to 'GLfloat'
C:\Users\Isaac\Documents\Computer Graphics\Assignments\HW3\OpenGLSetup\HW3.cpp(260,34): warning C4305: 'argument': truncation from 'double' to 'GLfloat'
C:\Users\Isaac\Documents\Computer Graphics\Assignments\HW3\OpenGLSetup\HW3.cpp(269,34): warning C4305: 'argument': truncation from 'double' to 'GLfloat'
C:\Users\Isaac\Documents\Computer Graphics\Assignments\HW3\OpenGLSetup\HW3.cpp(276,33): warning C4305: 'argument': truncation from 'double' to 'GLfloat'
C:\Users\Isaac\Documents\Computer Graphics\Assignments\HW3\OpenGLSetup\HW3.cpp(312,29): warning C4305: 'argument': truncation from 'double' to 'GLfloat'
C:\Users\Isaac\Documents\Computer Graphics\Assignments\HW3\OpenGLSetup\HW3.cpp(313,25): warning C4305: 'argument': truncation from 'double' to 'GLfloat'
C:\Users\Isaac\Documents\Computer Graphics\Assignments\HW3\OpenGLSetup\HW3.cpp(324,29): warning C4305: 'argument': truncation from 'double' to 'GLfloat'
C:\Users\Isaac\Documents\Computer Graphics\Assignments\HW3\OpenGLSetup\HW3.cpp(325,25): warning C4305: 'argument': truncation from 'double' to 'GLfloat'
C:\Users\Isaac\Documents\Computer Graphics\Assignments\HW3\OpenGLSetup\HW3.cpp(336,30): warning C4305: 'argument': truncation from 'double' to 'GLfloat'
C:\Users\Isaac\Documents\Computer Graphics\Assignments\HW3\OpenGLSetup\HW3.cpp(337,25): warning C4305: 'argument': truncation from 'double' to 'GLfloat'
C:\Users\Isaac\Documents\Computer Graphics\Assignments\HW3\OpenGLSetup\HW3.cpp(348,30): warning C4305: 'argument': truncation from 'double' to 'GLfloat'
C:\Users\Isaac\Documents\Computer Graphics\Assignments\HW3\OpenGLSetup\HW3.cpp(349,25): warning C4305: 'argument': truncation from 'double' to 'GLfloat'
C:\Users\Isaac\Documents\Computer Graphics\Assignments\HW3\OpenGLSetup\HW3.cpp(360,32): warning C4305: 'argument': truncation from 'double' to 'GLfloat'
C:\Users\Isaac\Documents\Computer Graphics\Assignments\HW3\OpenGLSetup\HW3.cpp(367,31): warning C4305: 'argument': truncation from 'double' to 'GLfloat'
C:\Users\Isaac\Documents\Computer Graphics\Assignments\HW3\OpenGLSetup\HW3.cpp(368,20): warning C4305: 'argument': truncation from 'double' to 'GLfloat'
C:\Users\Isaac\Documents\Computer Graphics\Assignments\HW3\OpenGLSetup\HW3.cpp(524,38): warning C4244: '+=': conversion from 'double' to 'float', possible loss of data
C:\Users\Isaac\Documents\Computer Graphics\Assignments\HW3\OpenGLSetup\HW3.cpp(525,36): warning C4244: '+=': conversion from 'double' to 'float', possible loss of data
C:\Users\Isaac\Documents\Computer Graphics\Assignments\HW3\OpenGLSetup\HW3.cpp(528,25): warning C4305: '=': truncation from 'double' to 'float'
C:\Users\Isaac\Documents\Computer Graphics\Assignments\HW3\OpenGLSetup\HW3.cpp(530,26): warning C4305: '=': truncation from 'double' to 'float'
C:\Users\Isaac\Documents\Computer Graphics\Assignments\HW3\OpenGLSetup\HW3.cpp(538,39): warning C4244: '+=': conversion from 'double' to 'float', possible loss of data
C:\Users\Isaac\Documents\Computer Graphics\Assignments\HW3\OpenGLSetup\HW3.cpp(615,40): warning C4244: 'argument': conversion from 'double' to 'GLfloat', possible loss of data
C:\Users\Isaac\Documents\Computer Graphics\Assignments\HW3\OpenGLSetup\HW3.cpp(615,23): warning C4244: 'argument': conversion from 'double' to 'GLfloat', possible loss of data
C:\Users\Isaac\Documents\Computer Graphics\Assignments\HW3\OpenGLSetup\HW3.cpp(741,30): warning C4305: '+=': truncation from 'double' to 'float'
C:\Users\Isaac\Documents\Computer Graphics\Assignments\HW3\OpenGLSetup\HW3.cpp(753,26): warning C4305: '-=': truncation from 'double' to 'float'
C:\Users\Isaac\Documents\Computer Graphics\Assignments\HW3\OpenGLSetup\HW3.cpp(756,26): warning C4305: '+=': truncation from 'double' to 'float'
C:\Users\Isaac\Documents\Computer Graphics\Assignments\HW3\OpenGLSetup\HW3.cpp(767,26): warning C4305: '+=': truncation from 'double' to 'float'
C:\Users\Isaac\Documents\Computer Graphics\Assignments\HW3\OpenGLSetup\HW3.cpp(770,26): warning C4305: '+=': truncation from 'double' to 'float'
C:\Users\Isaac\Documents\Computer Graphics\Assignments\HW3\OpenGLSetup\HW3.cpp(773,26): warning C4305: '-=': truncation from 'double' to 'float'
C:\Users\Isaac\Documents\Computer Graphics\Assignments\HW3\OpenGLSetup\HW3.cpp(778,26): warning C4305: '-=': truncation from 'double' to 'float'
C:\Users\Isaac\Documents\Computer Graphics\Assignments\HW3\OpenGLSetup\HW3.cpp(788,26): warning C4305: '-=': truncation from 'double' to 'float'
C:\Users\Isaac\Documents\Computer Graphics\Assignments\HW3\OpenGLSetup\HW3.cpp(794,26): warning C4305: '+=': truncation from 'double' to 'float'
C:\Users\Isaac\Documents\Computer Graphics\Assignments\HW3\OpenGLSetup\HW3.cpp(857,20): warning C4305: '=': truncation from 'double' to 'float'
C:\Users\Isaac\Documents\Computer Graphics\Assignments\HW3\OpenGLSetup\HW3.cpp(858,17): warning C4305: '=': truncation from 'double' to 'float'
  OpenGLSetup.vcxproj -> C:\Users\Isaac\Documents\Computer Graphics\Assignments\HW3\x64\Debug\HW3.exe
